#
# A fatal error has been detected by the Java Runtime Environment:
#
#  SIGSEGV (0xb) at pc=0x00007f24d1561401, pid=3480, tid=3485
#
# JRE version: OpenJDK Runtime Environment (11.0.8+10) (build 11.0.8+10-post-Ubuntu-0ubuntu118.04.1)
# Java VM: OpenJDK 64-Bit Server VM (11.0.8+10-post-Ubuntu-0ubuntu118.04.1, mixed mode, sharing, tiered, compressed oops, serial gc, linux-amd64)
# Problematic frame:
# C  [libjimage.so+0x2401]
#
# Core dump will be written. Default location: Core dumps may be processed with "/usr/share/apport/apport %p %s %c %d %P %E" (or dumping to /home/runner/holidayhacks/core.3480)
#
# If you would like to submit a bug report, please visit:
#   https://bugs.launchpad.net/ubuntu/+source/openjdk-lts
#

---------------  S U M M A R Y ------------

Command Line: Main

Host: Intel(R) Xeon(R) CPU @ 2.30GHz, 4 cores, 512M, Ubuntu 18.04.5 LTS
Time: Sun Dec 27 20:24:36 2020 UTC elapsed time: 28 seconds (0d 0h 0m 28s)

---------------  T H R E A D  ---------------

Current thread (0x00007f24cc059000):  JavaThread "Signal Dispatcher" daemon [_thread_in_vm, id=3485, stack(0x00007f24b4362000,0x00007f24b4463000)]

Stack: [0x00007f24b4362000,0x00007f24b4463000],  sp=0x00007f24b44601e0,  free space=1016k
Native frames: (J=compiled Java code, A=aot compiled Java code, j=interpreted, Vv=VM code, C=native code)
C  [libjimage.so+0x2401]
C  [libjimage.so+0x30ea]
C  [libjimage.so+0x35c6]  JIMAGE_FindResource+0xd6
V  [libjvm.so+0x59097e]
V  [libjvm.so+0x5936e0]
V  [libjvm.so+0xd50b85]
V  [libjvm.so+0xd4e51a]
V  [libjvm.so+0xd51112]
V  [libjvm.so+0x645bed]
V  [libjvm.so+0x83f24c]
j  jdk.internal.misc.Signal.dispatch(I)V+25 java.base@11.0.8
v  ~StubRoutines::call_stub
V  [libjvm.so+0x84eb09]
V  [libjvm.so+0x84d8f5]
V  [libjvm.so+0xbc3d2c]
V  [libjvm.so+0xd8996f]
V  [libjvm.so+0xd860bf]
V  [libjvm.so+0xbd632e]

Java frames: (J=compiled Java code, j=interpreted, Vv=VM code)
j  jdk.internal.misc.Signal.dispatch(I)V+25 java.base@11.0.8
v  ~StubRoutines::call_stub

siginfo: si_signo: 11 (SIGSEGV), si_code: 1 (SEGV_MAPERR), si_addr: 0x00007f24c3914458

Register to memory mapping:

RAX=0x000000000000490f is an unknown value
RBX=0x00007f24b4460291 is pointing into the stack for thread: 0x00007f24cc059000
RCX=0x00007f24c390201c is an unknown value
RDX=0x000000000000490f is an unknown value
RSP=0x00007f24b44601e0 is pointing into the stack for thread: 0x00007f24cc059000
RBP=0x00007f24b4460200 is pointing into the stack for thread: 0x00007f24cc059000
RSI=0x00007f24b4460290 is pointing into the stack for thread: 0x00007f24cc059000
RDI=0x00007f24d1764030: <offset 0x0000000000205030> in /usr/lib/jvm/java-11-openjdk-amd64/lib/libjimage.so at 0x00007f24d155f000
R8 =0x0 is NULL
R9 =0x0000000076100fa4 is an unknown value
R10=0x00007f24b44602b3 is pointing into the stack for thread: 0x00007f24cc059000
R11=0x00007f24d359a07d: <offset 0x0000000000eb307d> in /usr/lib/jvm/java-11-openjdk-amd64/lib/server/libjvm.so at 0x00007f24d26e7000
R12=0x00007f24b4460290 is pointing into the stack for thread: 0x00007f24cc059000
R13=0x00000000000083bc is an unknown value
R14=0x00007f24b4461328 is pointing into the stack for thread: 0x00007f24cc059000
R15=0x00007f24cc059cd0 points into unknown readable memory: 6a 64 6b 2f 69 6e 74 65


Registers:
RAX=0x000000000000490f, RBX=0x00007f24b4460291, RCX=0x00007f24c390201c, RDX=0x000000000000490f
RSP=0x00007f24b44601e0, RBP=0x00007f24b4460200, RSI=0x00007f24b4460290, RDI=0x00007f24d1764030
R8 =0x0000000000000000, R9 =0x0000000076100fa4, R10=0x00007f24b44602b3, R11=0x00007f24d359a07d
R12=0x00007f24b4460290, R13=0x00000000000083bc, R14=0x00007f24b4461328, R15=0x00007f24cc059cd0
RIP=0x00007f24d1561401, EFLAGS=0x0000000000010246, CSGSFS=0x002b000000000033, ERR=0x0000000000000004
  TRAPNO=0x000000000000000e

Top of Stack: (sp=0x00007f24b44601e0)
0x00007f24b44601e0:   0000000000000000 00007f24cc009600
0x00007f24b44601f0:   0000000000000000 00007f24b4460290
0x00007f24b4460200:   00007f24b4460270 00007f24d15620ea
0x00007f24b4460210:   0000000000000000 0000000000000000 

Instructions: (pc=0x00007f24d1561401)
0x00007f24d1561301:   c5 4c 01 e3 48 89 ce e8 d3 f3 ff ff e9 69 fd ff
0x00007f24d1561311:   ff 89 d1 0f b7 74 08 fe 66 41 89 74 0e fe e9 7a
0x00007f24d1561321:   fe ff ff 0f 1f 40 00 8b 08 49 8d 1c 16 41 89 0e
0x00007f24d1561331:   89 d1 8b 74 08 fc 41 89 74 0e fc 48 8d 34 10 48
0x00007f24d1561341:   89 75 b8 e9 0b fe ff ff 0f 1f 80 00 00 00 00 0f
0x00007f24d1561351:   b6 17 55 89 f0 48 89 e5 84 d2 74 22 48 8d 4f 01
0x00007f24d1561361:   0f 1f 80 00 00 00 00 48 83 c1 01 0f b6 f2 0f b6
0x00007f24d1561371:   51 ff 69 c0 93 01 00 01 31 f0 84 d2 75 e9 25 ff
0x00007f24d1561381:   ff ff 7f 5d c3 66 2e 0f 1f 84 00 00 00 00 00 48
0x00007f24d1561391:   85 d2 0f 84 dd 00 00 00 85 c9 0f 84 d5 00 00 00
0x00007f24d15613a1:   55 48 89 e5 41 55 41 54 53 48 8d 5e 01 48 83 ec
0x00007f24d15613b1:   08 44 0f b6 06 45 84 c0 0f 84 a9 00 00 00 49 89
0x00007f24d15613c1:   da b8 93 01 00 01 66 0f 1f 84 00 00 00 00 00 49
0x00007f24d15613d1:   83 c2 01 44 69 c8 93 01 00 01 41 0f b6 c0 45 0f
0x00007f24d15613e1:   b6 42 ff 44 31 c8 45 84 c0 75 e4 25 ff ff ff 7f
0x00007f24d15613f1:   41 89 cd 48 89 d1 31 d2 41 f7 f5 49 89 f4 89 d0
0x00007f24d1561401:   8b 34 81 48 8b 07 ff 50 20 83 f8 00 7e 41 41 0f
0x00007f24d1561411:   b6 14 24 84 d2 74 1c 0f 1f 84 00 00 00 00 00 69
0x00007f24d1561421:   c0 93 01 00 01 48 83 c3 01 31 d0 0f b6 53 ff 84
0x00007f24d1561431:   d2 75 ec 25 ff ff ff 7f 31 d2 41 f7 f5 48 83 c4
0x00007f24d1561441:   08 89 d0 5b 41 5c 41 5d 5d c3 0f 1f 44 00 00 74
0x00007f24d1561451:   1d f7 d0 48 83 c4 08 89 c2 5b 89 d0 41 5c 41 5d
0x00007f24d1561461:   5d c3 0f 1f 44 00 00 b8 93 01 00 01 eb 82 ba ff
0x00007f24d1561471:   ff ff ff eb c8 83 ca ff 89 d0 c3 0f 1f 40 00 0f
0x00007f24d1561481:   b6 17 55 48 89 f8 48 89 e5 84 d2 75 15 eb 1a 38
0x00007f24d1561491:   ca 75 1c 48 83 c0 01 0f b6 10 48 83 c6 01 84 d2
0x00007f24d15614a1:   74 07 0f b6 0e 84 c9 75 e6 5d c3 0f 1f 40 00 31
0x00007f24d15614b1:   c0 5d c3 66 90 66 2e 0f 1f 84 00 00 00 00 00 55
0x00007f24d15614c1:   48 85 f6 48 89 e5 74 57 0f 1f 80 00 00 00 00 0f
0x00007f24d15614d1:   b6 06 84 c0 74 49 0f b6 d0 83 e0 07 c1 fa 03 44
0x00007f24d15614e1:   8d 50 01 0f b6 c0 41 89 d1 48 8d 56 01 4c 8d 44
0x00007f24d15614f1:   06 02 31 c0 0f 1f 00 0f b6 0a 48 c1 e0 08 48 83 


Stack slot to memory mapping:
stack at sp + 0 slots: 0x0 is NULL
stack at sp + 1 slots: 0x00007f24cc009600 points into unknown readable memory: 10 7f 1e cc 24 7f 00 00
stack at sp + 2 slots: 0x0 is NULL
stack at sp + 3 slots: 0x00007f24b4460290 is pointing into the stack for thread: 0x00007f24cc059000
stack at sp + 4 slots: 0x00007f24b4460270 is pointing into the stack for thread: 0x00007f24cc059000
stack at sp + 5 slots: 0x00007f24d15620ea: <offset 0x00000000000030ea> in /usr/lib/jvm/java-11-openjdk-amd64/lib/libjimage.so at 0x00007f24d155f000
stack at sp + 6 slots: 0x0 is NULL
stack at sp + 7 slots: 0x0 is NULL


---------------  P R O C E S S  ---------------

Threads class SMR info:
_java_thread_list=0x00007f2474005bb0, length=14, elements={
0x00007f24cc051000, 0x00007f24cc053000, 0x00007f24cc059000, 0x00007f24cc05b800,
0x00007f24cc05d800, 0x00007f24cc05f000, 0x00007f24cc099800, 0x00007f24cc0a3000,
0x00007f24cc23c800, 0x00007f24cc242000, 0x00007f24cc0a0000, 0x00007f2474002800,
0x00007f2474004000, 0x00007f24cc016000
}

Java Threads: ( => current thread )
  0x00007f24cc051000 JavaThread "Reference Handler" daemon [_thread_blocked, id=3483, stack(0x00007f24b46ff000,0x00007f24b4800000)]
  0x00007f24cc053000 JavaThread "Finalizer" daemon [_thread_blocked, id=3484, stack(0x00007f24b45fe000,0x00007f24b46ff000)]
=>0x00007f24cc059000 JavaThread "Signal Dispatcher" daemon [_thread_in_vm, id=3485, stack(0x00007f24b4362000,0x00007f24b4463000)]
  0x00007f24cc05b800 JavaThread "C2 CompilerThread0" daemon [_thread_blocked, id=3486, stack(0x00007f24b4261000,0x00007f24b4362000)]
  0x00007f24cc05d800 JavaThread "C1 CompilerThread0" daemon [_thread_blocked, id=3487, stack(0x00007f24b4160000,0x00007f24b4261000)]
  0x00007f24cc05f000 JavaThread "Sweeper thread" daemon [_thread_blocked, id=3488, stack(0x00007f24b405f000,0x00007f24b4160000)]
  0x00007f24cc099800 JavaThread "Service Thread" daemon [_thread_blocked, id=3489, stack(0x00007f2497eff000,0x00007f2498000000)]
  0x00007f24cc0a3000 JavaThread "Common-Cleaner" daemon [_thread_blocked, id=3491, stack(0x00007f2497cfc000,0x00007f2497dfd000)]
  0x00007f24cc23c800 JavaThread "Java2D Disposer" daemon [_thread_blocked, id=3542, stack(0x00007f2486421000,0x00007f2486522000)]
  0x00007f24cc242000 JavaThread "AWT-XAWT" daemon [_thread_in_native, id=3543, stack(0x00007f2486320000,0x00007f2486421000)]
  0x00007f24cc0a0000 JavaThread "TimerQueue" daemon [_thread_blocked, id=3544, stack(0x00007f2485dac000,0x00007f2485ead000)]
  0x00007f2474002800 JavaThread "AWT-Shutdown" [_thread_blocked, id=3545, stack(0x00007f2485795000,0x00007f2485896000)]
  0x00007f2474004000 JavaThread "AWT-EventQueue-0" [_thread_blocked, id=3546, stack(0x00007f2485694000,0x00007f2485795000)]
  0x00007f24cc016000 JavaThread "DestroyJavaVM" [_thread_blocked, id=3481, stack(0x00007f24d4854000,0x00007f24d4955000)]

Other Threads:
  0x00007f24cc04e000 VMThread "VM Thread" [stack: 0x00007f24b4802000,0x00007f24b4902000] [id=3482]
  0x00007f24cc09c000 WatcherThread [stack: 0x00007f2497dff000,0x00007f2497eff000] [id=3490]

Threads with active compile tasks:

VM state:not at safepoint (normal execution)

VM Mutex/Monitor currently owned by a thread: None

Heap address: 0x00000000f8000000, size: 128 MB, Compressed Oops mode: 32-bit
Narrow klass base: 0x0000000800000000, Narrow klass shift: 3
Compressed class space size: 1073741824 Address: 0x0000000840000000

Heap:
 def new generation   total 12928K, used 3136K [0x00000000f8000000, 0x00000000f8e00000, 0x00000000faaa0000)
  eden space 11520K,  20% used [0x00000000f8000000, 0x00000000f82500b8, 0x00000000f8b40000)
  from space 1408K,  54% used [0x00000000f8ca0000, 0x00000000f8d60190, 0x00000000f8e00000)
  to   space 1408K,   0% used [0x00000000f8b40000, 0x00000000f8b40000, 0x00000000f8ca0000)
 tenured generation   total 28548K, used 17127K [0x00000000faaa0000, 0x00000000fc681000, 0x0000000100000000)
   the space 28548K,  59% used [0x00000000faaa0000, 0x00000000fbb59e00, 0x00000000fbb59e00, 0x00000000fc681000)
 Metaspace       used 10362K, capacity 10915K, committed 11136K, reserved 1058816K
  class space    used 1088K, capacity 1357K, committed 1408K, reserved 1048576K

Card table byte_map: [0x00007f24d4813000,0x00007f24d4854000] _byte_map_base: 0x00007f24d4053000

Polling page: 0x00007f24d4971000

Metaspace:

Usage:
  Non-class:      9.33 MB capacity,     9.06 MB ( 97%) used,   231.71 KB (  2%) free+waste,    52.88 KB ( <1%) overhead. 
      Class:      1.33 MB capacity,     1.06 MB ( 80%) used,   238.72 KB ( 18%) free+waste,    29.56 KB (  2%) overhead. 
       Both:     10.66 MB capacity,    10.12 MB ( 95%) used,   470.43 KB (  4%) free+waste,    82.44 KB ( <1%) overhead. 

Virtual space:
  Non-class space:       10.00 MB reserved,       9.50 MB ( 95%) committed 
      Class space:        1.00 GB reserved,       1.38 MB ( <1%) committed 
             Both:        1.01 GB reserved,      10.88 MB (  1%) committed 

Chunk freelists:
   Non-Class:  58.00 KB
       Class:  19.00 KB
        Both:  77.00 KB

MaxMetaspaceSize: unlimited
CompressedClassSpaceSize: 1.00 GB

CodeHeap 'non-profiled nmethods': size=120036Kb used=519Kb max_used=519Kb free=119516Kb
 bounds [0x00007f24bc3c9000, 0x00007f24bc639000, 0x00007f24c3902000]
CodeHeap 'profiled nmethods': size=120032Kb used=3041Kb max_used=3041Kb free=116990Kb
 bounds [0x00007f24b4e91000, 0x00007f24b5191000, 0x00007f24bc3c9000]
CodeHeap 'non-nmethods': size=5692Kb used=1239Kb max_used=1254Kb free=4452Kb
 bounds [0x00007f24b4902000, 0x00007f24b4b72000, 0x00007f24b4e91000]
 total_blobs=2287 nmethods=1647 adapters=555
 compilation: enabled
              stopped_count=0, restarted_count=0
 full_count=0

Compilation events (20 events):
Event: 26.881 Thread 0x00007f24cc05d800 1678       3       java.awt.geom.AffineTransform::updateState (230 bytes)
