#
# A fatal error has been detected by the Java Runtime Environment:
#
#  SIGSEGV (0xb) at pc=0x00007fb79c0af401, pid=3295, tid=3401
#
# JRE version: OpenJDK Runtime Environment (11.0.8+10) (build 11.0.8+10-post-Ubuntu-0ubuntu118.04.1)
# Java VM: OpenJDK 64-Bit Server VM (11.0.8+10-post-Ubuntu-0ubuntu118.04.1, mixed mode, sharing, tiered, compressed oops, serial gc, linux-amd64)
# Problematic frame:
# C  [libjimage.so+0x2401]
#
# Core dump will be written. Default location: Core dumps may be processed with "/usr/share/apport/apport %p %s %c %d %P %E" (or dumping to /home/runner/holidayhacks/core.3295)
#
# If you would like to submit a bug report, please visit:
#   https://bugs.launchpad.net/ubuntu/+source/openjdk-lts
#

---------------  S U M M A R Y ------------

Command Line: Main

Host: Intel(R) Xeon(R) CPU @ 2.30GHz, 4 cores, 512M, Ubuntu 18.04.5 LTS
Time: Sun Dec 27 20:22:39 2020 UTC elapsed time: 96 seconds (0d 0h 1m 36s)

---------------  T H R E A D  ---------------

Current thread (0x00007fb72c003000):  JavaThread "StreamCloser" [_thread_in_vm, id=3401, stack(0x00007fb7542f5000,0x00007fb7543f6000)]

Stack: [0x00007fb7542f5000,0x00007fb7543f6000],  sp=0x00007fb7543f3170,  free space=1016k
Native frames: (J=compiled Java code, A=aot compiled Java code, j=interpreted, Vv=VM code, C=native code)
C  [libjimage.so+0x2401]
C  [libjimage.so+0x30ea]
C  [libjimage.so+0x35c6]  JIMAGE_FindResource+0xd6
V  [libjvm.so+0x59097e]
V  [libjvm.so+0x5936e0]
V  [libjvm.so+0xd50b85]
V  [libjvm.so+0xd4e51a]
V  [libjvm.so+0xd51112]
V  [libjvm.so+0x645bed]
V  [libjvm.so+0x83f24c]
j  java.util.WeakHashMap$KeySet.iterator()Ljava/util/Iterator;+0 java.base@11.0.8
j  java.util.AbstractCollection.toArray([Ljava/lang/Object;)[Ljava/lang/Object;+31 java.base@11.0.8
j  com.sun.imageio.stream.StreamCloser$1.run()V+30 java.desktop@11.0.8
j  java.lang.Thread.run()V+11 java.base@11.0.8
v  ~StubRoutines::call_stub
V  [libjvm.so+0x84eb09]
V  [libjvm.so+0x84cc4d]
V  [libjvm.so+0x8f6c9c]
V  [libjvm.so+0xd8996f]
V  [libjvm.so+0xd860bf]
V  [libjvm.so+0xbd632e]

Java frames: (J=compiled Java code, j=interpreted, Vv=VM code)
j  java.util.WeakHashMap$KeySet.iterator()Ljava/util/Iterator;+0 java.base@11.0.8
j  java.util.AbstractCollection.toArray([Ljava/lang/Object;)[Ljava/lang/Object;+31 java.base@11.0.8
j  com.sun.imageio.stream.StreamCloser$1.run()V+30 java.desktop@11.0.8
j  java.lang.Thread.run()V+11 java.base@11.0.8
v  ~StubRoutines::call_stub

siginfo: si_signo: 11 (SIGSEGV), si_code: 1 (SEGV_MAPERR), si_addr: 0x00007fb78f917734

Register to memory mapping:

RAX=0x00000000000055c6 is an unknown value
RBX=0x00007fb7543f3221 is pointing into the stack for thread: 0x00007fb72c003000
RCX=0x00007fb78f90201c is an unknown value
RDX=0x00000000000055c6 is an unknown value
RSP=0x00007fb7543f3170 is pointing into the stack for thread: 0x00007fb72c003000
RBP=0x00007fb7543f3190 is pointing into the stack for thread: 0x00007fb72c003000
RSI=0x00007fb7543f3220 is pointing into the stack for thread: 0x00007fb72c003000
RDI=0x00007fb79c2b2030: <offset 0x0000000000205030> in /usr/lib/jvm/java-11-openjdk-amd64/lib/libjimage.so at 0x00007fb79c0ad000
R8 =0x0 is NULL
R9 =0x0000000030ffea95 is an unknown value
R10=0x00007fb7543f324a is pointing into the stack for thread: 0x00007fb72c003000
R11=0x00007fb79e0e807d: <offset 0x0000000000eb307d> in /usr/lib/jvm/java-11-openjdk-amd64/lib/server/libjvm.so at 0x00007fb79d235000
R12=0x00007fb7543f3220 is pointing into the stack for thread: 0x00007fb72c003000
R13=0x00000000000083bc is an unknown value
R14=0x00007fb7543f42b8 is pointing into the stack for thread: 0x00007fb72c003000
R15=0x00007fb760090a50 points into unknown readable memory: 6a 61 76 61 2f 75 74 69


Registers:
RAX=0x00000000000055c6, RBX=0x00007fb7543f3221, RCX=0x00007fb78f90201c, RDX=0x00000000000055c6
RSP=0x00007fb7543f3170, RBP=0x00007fb7543f3190, RSI=0x00007fb7543f3220, RDI=0x00007fb79c2b2030
R8 =0x0000000000000000, R9 =0x0000000030ffea95, R10=0x00007fb7543f324a, R11=0x00007fb79e0e807d
R12=0x00007fb7543f3220, R13=0x00000000000083bc, R14=0x00007fb7543f42b8, R15=0x00007fb760090a50
RIP=0x00007fb79c0af401, EFLAGS=0x0000000000010246, CSGSFS=0x002b000000000033, ERR=0x0000000000000004
  TRAPNO=0x000000000000000e

Top of Stack: (sp=0x00007fb7543f3170)
0x00007fb7543f3170:   0000000000000000 00007fb798009600
0x00007fb7543f3180:   0000000000000000 00007fb7543f3220
0x00007fb7543f3190:   00007fb7543f3200 00007fb79c0b00ea
0x00007fb7543f31a0:   0000000000000000 0000000000000000 

Instructions: (pc=0x00007fb79c0af401)
0x00007fb79c0af301:   c5 4c 01 e3 48 89 ce e8 d3 f3 ff ff e9 69 fd ff
0x00007fb79c0af311:   ff 89 d1 0f b7 74 08 fe 66 41 89 74 0e fe e9 7a
0x00007fb79c0af321:   fe ff ff 0f 1f 40 00 8b 08 49 8d 1c 16 41 89 0e
0x00007fb79c0af331:   89 d1 8b 74 08 fc 41 89 74 0e fc 48 8d 34 10 48
0x00007fb79c0af341:   89 75 b8 e9 0b fe ff ff 0f 1f 80 00 00 00 00 0f
0x00007fb79c0af351:   b6 17 55 89 f0 48 89 e5 84 d2 74 22 48 8d 4f 01
0x00007fb79c0af361:   0f 1f 80 00 00 00 00 48 83 c1 01 0f b6 f2 0f b6
0x00007fb79c0af371:   51 ff 69 c0 93 01 00 01 31 f0 84 d2 75 e9 25 ff
0x00007fb79c0af381:   ff ff 7f 5d c3 66 2e 0f 1f 84 00 00 00 00 00 48
0x00007fb79c0af391:   85 d2 0f 84 dd 00 00 00 85 c9 0f 84 d5 00 00 00
0x00007fb79c0af3a1:   55 48 89 e5 41 55 41 54 53 48 8d 5e 01 48 83 ec
0x00007fb79c0af3b1:   08 44 0f b6 06 45 84 c0 0f 84 a9 00 00 00 49 89
0x00007fb79c0af3c1:   da b8 93 01 00 01 66 0f 1f 84 00 00 00 00 00 49
0x00007fb79c0af3d1:   83 c2 01 44 69 c8 93 01 00 01 41 0f b6 c0 45 0f
0x00007fb79c0af3e1:   b6 42 ff 44 31 c8 45 84 c0 75 e4 25 ff ff ff 7f
0x00007fb79c0af3f1:   41 89 cd 48 89 d1 31 d2 41 f7 f5 49 89 f4 89 d0
0x00007fb79c0af401:   8b 34 81 48 8b 07 ff 50 20 83 f8 00 7e 41 41 0f
0x00007fb79c0af411:   b6 14 24 84 d2 74 1c 0f 1f 84 00 00 00 00 00 69
0x00007fb79c0af421:   c0 93 01 00 01 48 83 c3 01 31 d0 0f b6 53 ff 84
0x00007fb79c0af431:   d2 75 ec 25 ff ff ff 7f 31 d2 41 f7 f5 48 83 c4
0x00007fb79c0af441:   08 89 d0 5b 41 5c 41 5d 5d c3 0f 1f 44 00 00 74
0x00007fb79c0af451:   1d f7 d0 48 83 c4 08 89 c2 5b 89 d0 41 5c 41 5d
0x00007fb79c0af461:   5d c3 0f 1f 44 00 00 b8 93 01 00 01 eb 82 ba ff
0x00007fb79c0af471:   ff ff ff eb c8 83 ca ff 89 d0 c3 0f 1f 40 00 0f
0x00007fb79c0af481:   b6 17 55 48 89 f8 48 89 e5 84 d2 75 15 eb 1a 38
0x00007fb79c0af491:   ca 75 1c 48 83 c0 01 0f b6 10 48 83 c6 01 84 d2
0x00007fb79c0af4a1:   74 07 0f b6 0e 84 c9 75 e6 5d c3 0f 1f 40 00 31
0x00007fb79c0af4b1:   c0 5d c3 66 90 66 2e 0f 1f 84 00 00 00 00 00 55
0x00007fb79c0af4c1:   48 85 f6 48 89 e5 74 57 0f 1f 80 00 00 00 00 0f
0x00007fb79c0af4d1:   b6 06 84 c0 74 49 0f b6 d0 83 e0 07 c1 fa 03 44
0x00007fb79c0af4e1:   8d 50 01 0f b6 c0 41 89 d1 48 8d 56 01 4c 8d 44
0x00007fb79c0af4f1:   06 02 31 c0 0f 1f 00 0f b6 0a 48 c1 e0 08 48 83 


Stack slot to memory mapping:
stack at sp + 0 slots: 0x0 is NULL
stack at sp + 1 slots: 0x00007fb798009600 points into unknown readable memory: 30 85 1b 98 b7 7f 00 00
stack at sp + 2 slots: 0x0 is NULL
stack at sp + 3 slots: 0x00007fb7543f3220 is pointing into the stack for thread: 0x00007fb72c003000
stack at sp + 4 slots: 0x00007fb7543f3200 is pointing into the stack for thread: 0x00007fb72c003000
stack at sp + 5 slots: 0x00007fb79c0b00ea: <offset 0x00000000000030ea> in /usr/lib/jvm/java-11-openjdk-amd64/lib/libjimage.so at 0x00007fb79c0ad000
stack at sp + 6 slots: 0x0 is NULL
stack at sp + 7 slots: 0x0 is NULL


---------------  P R O C E S S  ---------------

Threads class SMR info:
_java_thread_list=0x00007fb72c004570, length=17, elements={
0x00007fb798051000, 0x00007fb798053000, 0x00007fb798059000, 0x00007fb79805b800,
0x00007fb79805d800, 0x00007fb79805f800, 0x00007fb7980a2000, 0x00007fb7980ab000,
0x00007fb798205000, 0x00007fb79820a000, 0x00007fb7980a7000, 0x00007fb740002800,
0x00007fb740004800, 0x00007fb798016000, 0x00007fb768001000, 0x00007fb72c001000,
0x00007fb72c003000
}

Java Threads: ( => current thread )
  0x00007fb798051000 JavaThread "Reference Handler" daemon [_thread_blocked, id=3298, stack(0x00007fb77f25e000,0x00007fb77f35f000)]
  0x00007fb798053000 JavaThread "Finalizer" daemon [_thread_blocked, id=3299, stack(0x00007fb77f15d000,0x00007fb77f25e000)]
  0x00007fb798059000 JavaThread "Signal Dispatcher" daemon [_thread_blocked, id=3300, stack(0x00007fb77eec1000,0x00007fb77efc2000)]
  0x00007fb79805b800 JavaThread "C2 CompilerThread0" daemon [_thread_blocked, id=3301, stack(0x00007fb77edc0000,0x00007fb77eec1000)]
  0x00007fb79805d800 JavaThread "C1 CompilerThread0" daemon [_thread_blocked, id=3302, stack(0x00007fb77ecbf000,0x00007fb77edc0000)]
  0x00007fb79805f800 JavaThread "Sweeper thread" daemon [_thread_blocked, id=3303, stack(0x00007fb77ebbe000,0x00007fb77ecbf000)]
  0x00007fb7980a2000 JavaThread "Service Thread" daemon [_thread_blocked, id=3304, stack(0x00007fb77eabd000,0x00007fb77ebbe000)]
  0x00007fb7980ab000 JavaThread "Common-Cleaner" daemon [_thread_blocked, id=3306, stack(0x00007fb77e8ba000,0x00007fb77e9bb000)]
  0x00007fb798205000 JavaThread "Java2D Disposer"